#
# A fatal error has been detected by the Java Runtime Environment:
#
#  EXCEPTION_ACCESS_VIOLATION (0xc0000005) at pc=0x000000076bd044e8, pid=8472, tid=0x0000000000004c80
#
# JRE version: OpenJDK Runtime Environment (8.0_362-b08) (build 1.8.0_362-b08)
# Java VM: OpenJDK 64-Bit Server VM (25.362-b08 mixed mode windows-amd64 compressed oops)
# Problematic frame:
# C  0x000000076bd044e8
#
# Failed to write core dump. Minidumps are not enabled by default on client versions of Windows
#
# If you would like to submit a bug report, please visit:
#   https://github.com/corretto/corretto-8/issues/
#

---------------  T H R E A D  ---------------

Current thread (0x0000020f21ba0800):  JavaThread "main" [_thread_in_Java, id=19584, stack(0x000000d893200000,0x000000d893300000)]

siginfo: ExceptionCode=0xc0000005, ExceptionInformation=0x0000000000000008 0x000000076bd044e8

Registers:
RAX=0x0000000000000000, RBX=0x0000020f3c432e70, RCX=0x0000000000000080, RDX=0x000000d8932ff4a8
RSP=0x000000d8932ff428, RBP=0x000000d8932ff490, RSI=0x0000000000000002, RDI=0x0000020f238f80bd
R8 =0x0000020f3c91d698, R9 =0x0000020f21b98930, R10=0x000000005337a0b0, R11=0x000000076bd044e8
R12=0x0000000000000000, R13=0x0000020f3c432e70, R14=0x000000d8932ff4a8, R15=0x0000020f21ba0800
RIP=0x000000076bd044e8, EFLAGS=0x0000000000010206

Top of Stack: (sp=0x000000d8932ff428)
0x000000d8932ff428:   0000020f2390a270 0000020f21ba0a60
0x000000d8932ff438:   000000d8932ff4a0 000000d8932ff500
0x000000d8932ff448:   0000020f23909942 000000d8932ff450
0x000000d8932ff458:   0000020f3c432e70 000000d8932ff4a8
0x000000d8932ff468:   0000020f3c433028 0000000000000000
0x000000d8932ff478:   0000020f3c432e70 0000000000000000
0x000000d8932ff488:   000000d8932ff4b0 000000d8932ff4f0
0x000000d8932ff498:   0000020f238f80bd 000000076be7b3e0
0x000000d8932ff4a8:   000000076bd044e8 000000d8932ff4b0
0x000000d8932ff4b8:   0000020f3c432b6e 000000d8932ff500
0x000000d8932ff4c8:   0000020f3c433028 0000000000000000
0x000000d8932ff4d8:   0000020f3c432b88 000000d8932ff4b0
0x000000d8932ff4e8:   000000d8932ff500 000000d8932ff5e0
0x000000d8932ff4f8:   0000020f238f0630 000000076be7dd48
0x000000d8932ff508:   cafebabecafebabe cafebabecafebabe
0x000000d8932ff518:   0000000000000000 0000000000000000 

Instructions: (pc=0x000000076bd044e8)
0x000000076bd044c8:   00 00 00 00 00 00 00 00 01 00 00 00 00 00 00 00
0x000000076bd044d8:   07 23 00 f8 02 00 00 00 00 00 00 00 00 00 00 00
0x000000076bd044e8:   01 00 00 00 00 00 00 00 e5 01 00 f8 00 00 00 00
0x000000076bd044f8:   01 00 00 00 00 00 00 00 df 03 00 f8 00 00 00 00 


Register to memory mapping:

RAX=0x0000000000000000 is an unknown value
RBX={method} {0x0000020f3c432e78} 'delGlobalRef' '()V' in 'com/jensen/day15/Simple'
RCX=0x0000000000000080 is an unknown value
RDX=0x000000d8932ff4a8 is pointing into the stack for thread: 0x0000020f21ba0800
RSP=0x000000d8932ff428 is pointing into the stack for thread: 0x0000020f21ba0800
RBP=0x000000d8932ff490 is pointing into the stack for thread: 0x0000020f21ba0800
RSI=0x0000000000000002 is an unknown value
RDI=0x0000020f238f80bd is at code_begin+2301 in an Interpreter codelet
invoke return entry points  [0x0000020f238f77c0, 0x0000020f238f81a0]  2528 bytes
R8 =0x0000020f3c91d698 is an unknown value
R9 =0x0000020f21b98930 is an unknown value
R10=0x000000005337a0b0 is an unknown value
R11=0x000000076bd044e8 is an oop
java.lang.Object 
 - klass: 'java/lang/Object'
R12=0x0000000000000000 is an unknown value
R13={method} {0x0000020f3c432e78} 'delGlobalRef' '()V' in 'com/jensen/day15/Simple'
R14=0x000000d8932ff4a8 is pointing into the stack for thread: 0x0000020f21ba0800
R15=0x0000020f21ba0800 is a thread


Stack: [0x000000d893200000,0x000000d893300000],  sp=0x000000d8932ff428,  free space=1021k
Native frames: (J=compiled Java code, j=interpreted, Vv=VM code, C=native code)
C  0x000000076bd044e8


---------------  P R O C E S S  ---------------

Java Threads: ( => current thread )
  0x0000020f3e905800 JavaThread "Service Thread" daemon [_thread_blocked, id=23444, stack(0x000000d894500000,0x000000d894600000)]
  0x0000020f3e8c8000 JavaThread "C1 CompilerThread3" daemon [_thread_blocked, id=2164, stack(0x000000d894400000,0x000000d894500000)]
  0x0000020f3e8c3800 JavaThread "C2 CompilerThread2" daemon [_thread_blocked, id=15576, stack(0x000000d894300000,0x000000d894400000)]
  0x0000020f3e8bf800 JavaThread "C2 CompilerThread1" daemon [_thread_blocked, id=17184, stack(0x000000d894200000,0x000000d894300000)]
  0x0000020f3e8bd800 JavaThread "C2 CompilerThread0" daemon [_thread_blocked, id=21080, stack(0x000000d894100000,0x000000d894200000)]
  0x0000020f3e8b6000 JavaThread "Monitor Ctrl-Break" daemon [_thread_in_native, id=14156, stack(0x000000d894000000,0x000000d894100000)]
  0x0000020f3cb10800 JavaThread "Attach Listener" daemon [_thread_blocked, id=23312, stack(0x000000d893f00000,0x000000d894000000)]
  0x0000020f3cb22000 JavaThread "Signal Dispatcher" daemon [_thread_blocked, id=16788, stack(0x000000d893e00000,0x000000d893f00000)]
  0x0000020f3ca90800 JavaThread "Finalizer" daemon [_thread_blocked, id=10048, stack(0x000000d893d00000,0x000000d893e00000)]
  0x0000020f3ca89000 JavaThread "Reference Handler" daemon [_thread_blocked, id=6448, stack(0x000000d893c00000,0x000000d893d00000)]
=>0x0000020f21ba0800 JavaThread "main" [_thread_in_Java, id=19584, stack(0x000000d893200000,0x000000d893300000)]

Other Threads:
  0x0000020f3ca5f000 VMThread [stack: 0x000000d893b00000,0x000000d893c00000] [id=17944]
  0x0000020f3e98c000 WatcherThread [stack: 0x000000d894600000,0x000000d894700000] [id=12668]

VM state:not at safepoint (normal execution)

VM Mutex/Monitor currently owned by a thread: None

heap address: 0x00000006c3600000, size: 4042 MB, Compressed Oops mode: Zero based, Oop shift amount: 3
Narrow klass base: 0x0000000000000000, Narrow klass shift: 3
Compressed class space size: 1073741824 Address: 0x00000007c0000000

Heap:
 PSYoungGen      total 75776K, used 3915K [0x000000076bd00000, 0x0000000771180000, 0x00000007c0000000)
  eden space 65024K, 6% used [0x000000076bd00000,0x000000076c0d2f78,0x000000076fc80000)
  from space 10752K, 0% used [0x0000000770700000,0x0000000770700000,0x0000000771180000)
  to   space 10752K, 0% used [0x000000076fc80000,0x000000076fc80000,0x0000000770700000)
 ParOldGen       total 173568K, used 0K [0x00000006c3600000, 0x00000006cdf80000, 0x000000076bd00000)
  object space 173568K, 0% used [0x00000006c3600000,0x00000006c3600000,0x00000006cdf80000)
 Metaspace       used 3431K, capacity 4500K, committed 4864K, reserved 1056768K
  class space    used 368K, capacity 388K, committed 512K, reserved 1048576K

Card table byte_map: [0x0000020f32cb0000,0x0000020f334a0000] byte_map_base: 0x0000020f2f695000

Marking Bits: (ParMarkBitMap*) 0x0000000053386830
 Begin Bits: [0x0000020f339f0000, 0x0000020f37918000)
 End Bits:   [0x0000020f37918000, 0x0000020f3b840000)

Polling page: 0x0000020f21d30000

CodeCache: size=245760Kb used=1119Kb max_used=1119Kb free=244640Kb
 bounds [0x0000020f238f0000, 0x0000020f23b60000, 0x0000020f328f0000]
 total_blobs=288 nmethods=29 adapters=173
 compilation: enabled

Compilation events (10 events):
Event: 0.089 Thread 0x0000020f3e8c8000 nmethod 18 0x0000020f239f8ad0 code [0x0000020f239f8c20, 0x0000020f239f8e18]
Event: 0.089 Thread 0x0000020f3e8c8000   20  s    3       java.lang.StringBuffer::append (13 bytes)
Event: 0.090 Thread 0x0000020f3e8bf800 nmethod 3 0x0000020f239f7bd0 code [0x0000020f239f7d20, 0x0000020f239f7df8]
Event: 0.090 Thread 0x0000020f3e8c3800 nmethod 2 0x0000020f239f7810 code [0x0000020f239f7940, 0x0000020f239f7ab8]
Event: 0.090 Thread 0x0000020f3e8c8000 nmethod 20 0x0000020f23a04490 code [0x0000020f23a04640, 0x0000020f23a04d80]
Event: 0.090 Thread 0x0000020f3e8c8000   21       3       java.util.HashMap::getNode (148 bytes)
Event: 0.090 Thread 0x0000020f3e8c8000 nmethod 21 0x0000020f23a03650 code [0x0000020f23a03820, 0x0000020f23a041d0]
Event: 0.090 Thread 0x0000020f3e8c8000   22       1       sun.instrument.TransformerManager::getSnapshotTransformerList (5 bytes)
Event: 0.090 Thread 0x0000020f3e8c8000 nmethod 22 0x0000020f23a03390 code [0x0000020f23a034e0, 0x0000020f23a035f8]
Event: 0.090 Thread 0x0000020f3e8bd800 nmethod 9 0x0000020f23a02e50 code [0x0000020f23a02fa0, 0x0000020f23a03218]

GC Heap History (0 events):
No events

Deoptimization events (0 events):
No events

Classes redefined (0 events):
No events

Internal exceptions (2 events):
Event: 0.023 Thread 0x0000020f21ba0800 Exception <a 'java/lang/NoSuchMethodError': Method sun.misc.Unsafe.defineClass(Ljava/lang/String;[BII)Ljava/lang/Class; name or signature does not match> (0x000000076bd082a0) thrown at [C:\wsjdk\Corretto8Src\installers\windows\zip\corretto-build\buildRoot
Event: 0.023 Thread 0x0000020f21ba0800 Exception <a 'java/lang/NoSuchMethodError': Method sun.misc.Unsafe.prefetchRead(Ljava/lang/Object;J)V name or signature does not match> (0x000000076bd08588) thrown at [C:\wsjdk\Corretto8Src\installers\windows\zip\corretto-build\buildRoot\hotspot\src\share

Events (10 events):
Event: 0.092 loading class sun/misc/FloatingDecimal done
Event: 0.092 loading class sun/misc/FloatingDecimal$ExceptionalBinaryToASCIIBuffer
Event: 0.092 loading class sun/misc/FloatingDecimal$BinaryToASCIIConverter
Event: 0.092 loading class sun/misc/FloatingDecimal$BinaryToASCIIConverter done
Event: 0.092 loading class sun/misc/FloatingDecimal$ExceptionalBinaryToASCIIBuffer done
Event: 0.092 loading class sun/misc/FloatingDecimal$BinaryToASCIIBuffer
Event: 0.092 loading class sun/misc/FloatingDecimal$BinaryToASCIIBuffer done
Event: 0.092 loading class sun/misc/FloatingDecimal$1
Event: 0.092 loading class sun/misc/FloatingDecimal$1 done
Event: 0.092 loading class sun/misc/FloatingDecimal$PreparedASCIIToBinaryBuffer


Dynamic libraries:
0x00007ff7d0f80000 - 0x00007ff7d0fba000 	C:\Users\linzs\.jdks\corretto-1.8.0_362\bin\java.exe
0x00007ffc35150000 - 0x00007ffc35348000 	C:\Windows\SYSTEM32\ntdll.dll
0x00007ffc34dc0000 - 0x00007ffc34e82000 	C:\Windows\System32\KERNEL32.DLL
0x00007ffc328f0000 - 0x00007ffc32bee000 	C:\Windows\System32\KERNELBASE.dll
0x00007ffc34400000 - 0x00007ffc344b2000 	C:\Windows\System32\ADVAPI32.dll
0x00007ffc344d0000 - 0x00007ffc3456e000 	C:\Windows\System32\msvcrt.dll
0x00007ffc33d20000 - 0x00007ffc33dc0000 	C:\Windows\System32\sechost.dll
0x00007ffc33170000 - 0x00007ffc33293000 	C:\Windows\System32\RPCRT4.dll
0x00007ffc33140000 - 0x00007ffc33167000 	C:\Windows\System32\bcrypt.dll
0x00007ffc33f30000 - 0x00007ffc340cd000 	C:\Windows\System32\USER32.dll
0x00007ffc32bf0000 - 0x00007ffc32c12000 	C:\Windows\System32\win32u.dll
0x00007ffc343b0000 - 0x00007ffc343db000 	C:\Windows\System32\GDI32.dll
0x00007ffc32d80000 - 0x00007ffc32e97000 	C:\Windows\System32\gdi32full.dll
0x00007ffc32fa0000 - 0x00007ffc3303d000 	C:\Windows\System32\msvcp_win.dll
0x00007ffc33040000 - 0x00007ffc33140000 	C:\Windows\System32\ucrtbase.dll
0x00007ffc22190000 - 0x00007ffc2242a000 	C:\Windows\WinSxS\amd64_microsoft.windows.common-controls_6595b64144ccf1df_6.0.19041.4355_none_60b8b9eb71f62e16\COMCTL32.dll
0x00007ffc34e90000 - 0x00007ffc34ebf000 	C:\Windows\System32\IMM32.DLL
0x00007ffbe2bb0000 - 0x00007ffbe2c9f000 	C:\Users\linzs\.jdks\corretto-1.8.0_362\jre\bin\msvcr120.dll
0x00007ffbe1af0000 - 0x00007ffbe1b96000 	C:\Users\linzs\.jdks\corretto-1.8.0_362\jre\bin\msvcp120.dll
0x0000000052b90000 - 0x0000000053405000 	C:\Users\linzs\.jdks\corretto-1.8.0_362\jre\bin\server\jvm.dll
0x00007ffc343f0000 - 0x00007ffc343f8000 	C:\Windows\System32\PSAPI.DLL
0x00007ffc29710000 - 0x00007ffc2971a000 	C:\Windows\SYSTEM32\VERSION.dll
0x00007ffc189f0000 - 0x00007ffc18a17000 	C:\Windows\SYSTEM32\WINMM.dll
0x00007ffc21db0000 - 0x00007ffc21db9000 	C:\Windows\SYSTEM32\WSOCK32.dll
0x00007ffc334c0000 - 0x00007ffc3352b000 	C:\Windows\System32\WS2_32.dll
0x00007ffc063b0000 - 0x00007ffc063bf000 	C:\Users\linzs\.jdks\corretto-1.8.0_362\jre\bin\verify.dll
0x00007ffc03770000 - 0x00007ffc03799000 	C:\Users\linzs\.jdks\corretto-1.8.0_362\jre\bin\java.dll
0x00007ffbe9b50000 - 0x00007ffbe9b7a000 	C:\Users\linzs\.jdks\corretto-1.8.0_362\jre\bin\instrument.dll
0x00007ffc055b0000 - 0x00007ffc055c6000 	C:\Users\linzs\.jdks\corretto-1.8.0_362\jre\bin\zip.dll
0x00007ffc34650000 - 0x00007ffc34dbf000 	C:\Windows\System32\SHELL32.dll
0x00007ffc30690000 - 0x00007ffc30e34000 	C:\Windows\SYSTEM32\windows.storage.dll
0x00007ffc339c0000 - 0x00007ffc33d13000 	C:\Windows\System32\combase.dll
0x00007ffc32220000 - 0x00007ffc3224e000 	C:\Windows\SYSTEM32\Wldp.dll
0x00007ffc34ec0000 - 0x00007ffc34f8d000 	C:\Windows\System32\OLEAUT32.dll
0x00007ffc340d0000 - 0x00007ffc3417d000 	C:\Windows\System32\SHCORE.dll
0x00007ffc33460000 - 0x00007ffc334b5000 	C:\Windows\System32\shlwapi.dll
0x00007ffc32720000 - 0x00007ffc32744000 	C:\Windows\SYSTEM32\profapi.dll
0x00007ffbe9b30000 - 0x00007ffbe9b4a000 	D:\Workspace\IntelliJ IDEA 2023.2.4\bin\breakgen64.dll
0x00007ffc03500000 - 0x00007ffc0351a000 	C:\Users\linzs\.jdks\corretto-1.8.0_362\jre\bin\net.dll
0x00007ffc31f80000 - 0x00007ffc31fea000 	C:\Windows\system32\mswsock.dll
0x00007ffb7eb30000 - 0x00007ffb7eb55000 	D:\Ndk\NDK_Day15_c\x64\Debug\NDK_Day15_c.dll
0x00007ffb5d890000 - 0x00007ffb5d8bb000 	C:\Windows\SYSTEM32\VCRUNTIME140D.dll
0x00007ffb4ad20000 - 0x00007ffb4af41000 	C:\Windows\SYSTEM32\ucrtbased.dll
0x00007ffc2fb60000 - 0x00007ffc2fd44000 	C:\Windows\SYSTEM32\dbghelp.dll
0x00007ffc32860000 - 0x00007ffc328e2000 	C:\Windows\System32\bcryptPrimitives.dll

VM Arguments:
jvm_args: -javaagent:D:\Workspace\IntelliJ IDEA 2023.2.4\lib\idea_rt.jar=48402:D:\Workspace\IntelliJ IDEA 2023.2.4\bin -Dfile.encoding=UTF-8 
java_command: com.jensen.day15.Simple
java_class_path (initial): C:\Users\linzs\.jdks\corretto-1.8.0_362\jre\lib\charsets.jar;C:\Users\linzs\.jdks\corretto-1.8.0_362\jre\lib\ext\access-bridge-64.jar;C:\Users\linzs\.jdks\corretto-1.8.0_362\jre\lib\ext\cldrdata.jar;C:\Users\linzs\.jdks\corretto-1.8.0_362\jre\lib\ext\dnsns.jar;C:\Users\linzs\.jdks\corretto-1.8.0_362\jre\lib\ext\jaccess.jar;C:\Users\linzs\.jdks\corretto-1.8.0_362\jre\lib\ext\jfxrt.jar;C:\Users\linzs\.jdks\corretto-1.8.0_362\jre\lib\ext\localedata.jar;C:\Users\linzs\.jdks\corretto-1.8.0_362\jre\lib\ext\nashorn.jar;C:\Users\linzs\.jdks\corretto-1.8.0_362\jre\lib\ext\sunec.jar;C:\Users\linzs\.jdks\corretto-1.8.0_362\jre\lib\ext\sunjce_provider.jar;C:\Users\linzs\.jdks\corretto-1.8.0_362\jre\lib\ext\sunmscapi.jar;C:\Users\linzs\.jdks\corretto-1.8.0_362\jre\lib\ext\sunpkcs11.jar;C:\Users\linzs\.jdks\corretto-1.8.0_362\jre\lib\ext\zipfs.jar;C:\Users\linzs\.jdks\corretto-1.8.0_362\jre\lib\jce.jar;C:\Users\linzs\.jdks\corretto-1.8.0_362\jre\lib\jfr.jar;C:\Users\linzs\.jdks\corretto-1.8.0_362\jre\lib\jfxswt.jar;C:\Users\linzs\.jdks\corretto-1.8.0_362\jre\lib\jsse.jar;C:\Users\linzs\.jdks\corretto-1.8.0_362\jre\lib\management-agent.jar;C:\Users\linzs\.jdks\corretto-1.8.0_362\jre\lib\resources.jar;C:\Users\linzs\.jdks\corretto-1.8.0_362\jre\lib\rt.jar;D:\Ndk\NDK_Day15_java\target\classes;D:\Workspace\IntelliJ IDEA 2023.2.4\lib\idea_rt.jar
Launcher Type: SUN_STANDARD

Environment Variables:
JAVA_HOME=D:\Workspace\Java\jdk1.8.0_281
CLASSPATH=D:\apache-tomcat-9.0.84\lib\servlet-api.jar;.
PATH=C:\Windows\system32;C:\Windows;C:\Windows\System32\Wbem;C:\Windows\System32\WindowsPowerShell\v1.0\;C:\Windows\System32\OpenSSH\;C:\Program Files\dotnet\;C:\Program Files (x86)\Microsoft SQL Server\100\Tools\Binn\;C:\Program Files\Microsoft SQL Server\100\Tools\Binn\;C:\Program Files\Microsoft SQL Server\100\DTS\Binn\;D:\Workspace\SDK\platform-tools;C:\Windows\twain_32\GWQ;D:\Workspace\TortoiseSVN\bin;D:\Workspace\mingw64\bin;D:\Workspace\WinMerge;D:\Workspace\Git\cmd;D:\Windows Kits\10\Windows Performance Toolkit\;C:\ProgramData\chocolatey\bin;D:\Workspace\Java\jdk1.8.0_281\bin;D:\Workspace\Java\jdk1.8.0_281\jre\bin;D:\apache-maven-3.9.5\bin;C:\Windows\system32\config\systemprofile\.dnx\bin;C:\Program Files\Microsoft DNX\Dnvm\;D:\Workspace\nodejs\;D:\apache-tomcat-9.0.84\bin;C:\Users\linzs\AppData\Local\Microsoft\WindowsApps;D:\Workspace\Microsoft VS Code\bin;D:\Workspace\Flutter\flutter\bin;D:\Workspace\nodejs\;;D:\Workspace\IntelliJ IDEA 2023.2.4\bin;;D:\Huawei\DevEco Studio\bin;;C:\Users\linzs\AppData\Roaming\npm
USERNAME=linzs
OS=Windows_NT
PROCESSOR_IDENTIFIER=Intel64 Family 6 Model 140 Stepping 1, GenuineIntel



---------------  S Y S T E M  ---------------

OS: Windows 10 , 64 bit Build 19041 (10.0.19041.4957)

CPU:total 8 (initial active 8) (4 cores per cpu, 2 threads per core) family 6 model 140 stepping 1, cmov, cx8, fxsr, mmx, sse, sse2, sse3, ssse3, sse4.1, sse4.2, popcnt, avx, avx2, aes, clmul, erms, 3dnowpref, lzcnt, ht, tsc, tscinvbit, bmi1, bmi2, adx

Memory: 4k page, physical 16551224k(3454108k free), swap 32014004k(5000892k free)

vm_info: OpenJDK 64-Bit Server VM (25.362-b08) for windows-amd64 JRE (1.8.0_362-b08), built on Jan 13 2023 13:30:12 by "Administrator" with MS VC++ 12.0 (VS2013)

time: Tue Nov 19 17:57:00 2024
timezone: 中国标准时间
elapsed time: 0.103901 seconds (0d 0h 0m 0s)

